mode: set
github.com/ST359/pvz-service/cmd/pvz-service/main.go:24.63,33.2 2 0
github.com/ST359/pvz-service/cmd/pvz-service/main.go:35.54,37.2 1 0
github.com/ST359/pvz-service/cmd/pvz-service/main.go:38.13,43.16 4 0
github.com/ST359/pvz-service/cmd/pvz-service/main.go:43.16,45.3 1 0
github.com/ST359/pvz-service/cmd/pvz-service/main.go:46.2,50.12 5 0
github.com/ST359/pvz-service/cmd/pvz-service/main.go:50.12,51.80 1 0
github.com/ST359/pvz-service/cmd/pvz-service/main.go:51.80,53.4 1 0
github.com/ST359/pvz-service/cmd/pvz-service/main.go:56.2,61.59 5 0
github.com/ST359/pvz-service/cmd/pvz-service/main.go:61.59,63.3 1 0
github.com/ST359/pvz-service/cmd/pvz-service/main.go:65.2,65.35 1 0
github.com/ST359/pvz-service/cmd/pvz-service/main.go:65.35,67.3 1 0
github.com/ST359/pvz-service/internal/handler/auth_middleware.go:15.46,21.103 4 0
github.com/ST359/pvz-service/internal/handler/auth_middleware.go:21.103,24.3 2 0
github.com/ST359/pvz-service/internal/handler/auth_middleware.go:26.2,27.16 2 0
github.com/ST359/pvz-service/internal/handler/auth_middleware.go:27.16,30.3 2 0
github.com/ST359/pvz-service/internal/handler/auth_middleware.go:32.2,33.10 2 0
github.com/ST359/pvz-service/internal/handler/handler.go:23.73,25.2 1 0
github.com/ST359/pvz-service/internal/handler/handler.go:26.44,29.2 3 0
github.com/ST359/pvz-service/internal/handler/handler.go:29.2,33.3 3 0
github.com/ST359/pvz-service/internal/handler/handler.go:36.2,38.2 3 0
github.com/ST359/pvz-service/internal/handler/handler.go:38.2,47.3 6 0
github.com/ST359/pvz-service/internal/handler/handler.go:48.2,48.10 1 0
github.com/ST359/pvz-service/internal/handler/pvz.go:11.45,15.35 3 0
github.com/ST359/pvz-service/internal/handler/pvz.go:15.35,18.3 2 0
github.com/ST359/pvz-service/internal/handler/pvz.go:19.2,21.16 3 0
github.com/ST359/pvz-service/internal/handler/pvz.go:21.16,25.3 3 0
github.com/ST359/pvz-service/internal/handler/pvz.go:27.2,28.16 2 0
github.com/ST359/pvz-service/internal/handler/pvz.go:28.16,32.3 3 0
github.com/ST359/pvz-service/internal/handler/pvz.go:33.2,33.36 1 0
github.com/ST359/pvz-service/internal/handler/pvz.go:35.42,41.16 4 0
github.com/ST359/pvz-service/internal/handler/pvz.go:41.16,45.3 3 0
github.com/ST359/pvz-service/internal/handler/pvz.go:46.2,47.16 2 0
github.com/ST359/pvz-service/internal/handler/pvz.go:47.16,51.3 3 0
github.com/ST359/pvz-service/internal/handler/pvz.go:52.2,52.29 1 0
github.com/ST359/pvz-service/internal/handler/reception.go:14.51,18.34 3 0
github.com/ST359/pvz-service/internal/handler/reception.go:18.34,21.3 2 0
github.com/ST359/pvz-service/internal/handler/reception.go:22.2,24.16 3 0
github.com/ST359/pvz-service/internal/handler/reception.go:24.16,27.3 2 0
github.com/ST359/pvz-service/internal/handler/reception.go:28.2,29.16 2 0
github.com/ST359/pvz-service/internal/handler/reception.go:29.16,30.49 1 0
github.com/ST359/pvz-service/internal/handler/reception.go:30.49,33.4 2 0
github.com/ST359/pvz-service/internal/handler/reception.go:34.3,36.9 3 0
github.com/ST359/pvz-service/internal/handler/reception.go:38.2,38.39 1 0
github.com/ST359/pvz-service/internal/handler/reception.go:40.54,46.16 4 0
github.com/ST359/pvz-service/internal/handler/reception.go:46.16,49.3 2 0
github.com/ST359/pvz-service/internal/handler/reception.go:50.2,51.16 2 0
github.com/ST359/pvz-service/internal/handler/reception.go:51.16,52.53 1 0
github.com/ST359/pvz-service/internal/handler/reception.go:52.53,55.4 2 0
github.com/ST359/pvz-service/internal/handler/reception.go:56.3,58.9 3 0
github.com/ST359/pvz-service/internal/handler/reception.go:60.2,60.34 1 0
github.com/ST359/pvz-service/internal/handler/reception.go:62.53,68.16 4 0
github.com/ST359/pvz-service/internal/handler/reception.go:68.16,71.3 2 0
github.com/ST359/pvz-service/internal/handler/reception.go:72.2,73.16 2 0
github.com/ST359/pvz-service/internal/handler/reception.go:73.16,74.102 1 0
github.com/ST359/pvz-service/internal/handler/reception.go:74.102,77.4 2 0
github.com/ST359/pvz-service/internal/handler/reception.go:78.3,80.9 3 0
github.com/ST359/pvz-service/internal/handler/reception.go:82.2,82.25 1 0
github.com/ST359/pvz-service/internal/handler/reception.go:84.46,87.34 3 0
github.com/ST359/pvz-service/internal/handler/reception.go:87.34,90.3 2 0
github.com/ST359/pvz-service/internal/handler/reception.go:91.2,93.16 3 0
github.com/ST359/pvz-service/internal/handler/reception.go:93.16,96.3 2 0
github.com/ST359/pvz-service/internal/handler/reception.go:97.2,98.16 2 0
github.com/ST359/pvz-service/internal/handler/reception.go:98.16,99.53 1 0
github.com/ST359/pvz-service/internal/handler/reception.go:99.53,102.4 2 0
github.com/ST359/pvz-service/internal/handler/reception.go:103.3,105.9 3 0
github.com/ST359/pvz-service/internal/handler/reception.go:107.2,107.37 1 0
github.com/ST359/pvz-service/internal/handler/user.go:13.46,18.16 4 0
github.com/ST359/pvz-service/internal/handler/user.go:18.16,21.3 2 0
github.com/ST359/pvz-service/internal/handler/user.go:22.2,22.109 1 0
github.com/ST359/pvz-service/internal/handler/user.go:22.109,25.3 2 0
github.com/ST359/pvz-service/internal/handler/user.go:26.2,27.16 2 0
github.com/ST359/pvz-service/internal/handler/user.go:27.16,31.3 3 0
github.com/ST359/pvz-service/internal/handler/user.go:32.2,32.39 1 0
github.com/ST359/pvz-service/internal/handler/user.go:34.41,40.16 4 0
github.com/ST359/pvz-service/internal/handler/user.go:40.16,43.3 2 0
github.com/ST359/pvz-service/internal/handler/user.go:44.2,45.16 2 0
github.com/ST359/pvz-service/internal/handler/user.go:45.16,46.41 1 0
github.com/ST359/pvz-service/internal/handler/user.go:46.41,49.4 2 0
github.com/ST359/pvz-service/internal/handler/user.go:50.3,52.9 3 0
github.com/ST359/pvz-service/internal/handler/user.go:54.2,54.39 1 0
github.com/ST359/pvz-service/internal/handler/user.go:56.44,62.16 4 0
github.com/ST359/pvz-service/internal/handler/user.go:62.16,65.3 2 0
github.com/ST359/pvz-service/internal/handler/user.go:66.2,67.16 2 0
github.com/ST359/pvz-service/internal/handler/user.go:67.16,68.85 1 0
github.com/ST359/pvz-service/internal/handler/user.go:68.85,71.4 2 0
github.com/ST359/pvz-service/internal/handler/user.go:72.3,74.9 3 0
github.com/ST359/pvz-service/internal/handler/user.go:76.2,76.34 1 0
github.com/ST359/pvz-service/internal/config/config.go:18.25,20.47 2 0
github.com/ST359/pvz-service/internal/config/config.go:20.47,22.3 1 0
github.com/ST359/pvz-service/internal/config/config.go:23.2,23.13 1 0
github.com/ST359/pvz-service/internal/repository/postgres.go:18.57,23.16 4 0
github.com/ST359/pvz-service/internal/repository/postgres.go:23.16,25.3 1 0
github.com/ST359/pvz-service/internal/repository/postgres.go:26.2,27.16 2 0
github.com/ST359/pvz-service/internal/repository/postgres.go:27.16,29.3 1 0
github.com/ST359/pvz-service/internal/repository/postgres.go:30.2,30.16 1 0
github.com/ST359/pvz-service/internal/repository/pvz.go:23.46,25.2 1 0
github.com/ST359/pvz-service/internal/repository/pvz.go:26.60,37.16 5 0
github.com/ST359/pvz-service/internal/repository/pvz.go:37.16,39.3 1 0
github.com/ST359/pvz-service/internal/repository/pvz.go:40.2,40.20 1 0
github.com/ST359/pvz-service/internal/repository/pvz.go:42.81,47.25 3 0
github.com/ST359/pvz-service/internal/repository/pvz.go:47.25,49.3 1 0
github.com/ST359/pvz-service/internal/repository/pvz.go:51.2,52.24 2 0
github.com/ST359/pvz-service/internal/repository/pvz.go:52.24,54.3 1 0
github.com/ST359/pvz-service/internal/repository/pvz.go:57.2,58.29 2 0
github.com/ST359/pvz-service/internal/repository/pvz.go:58.29,60.3 1 0
github.com/ST359/pvz-service/internal/repository/pvz.go:60.8,62.3 1 0
github.com/ST359/pvz-service/internal/repository/pvz.go:63.2,63.27 1 0
github.com/ST359/pvz-service/internal/repository/pvz.go:63.27,65.3 1 0
github.com/ST359/pvz-service/internal/repository/pvz.go:65.8,67.3 1 0
github.com/ST359/pvz-service/internal/repository/pvz.go:69.2,76.16 2 0
github.com/ST359/pvz-service/internal/repository/pvz.go:76.16,78.3 1 0
github.com/ST359/pvz-service/internal/repository/pvz.go:79.2,83.18 3 0
github.com/ST359/pvz-service/internal/repository/pvz.go:83.18,91.77 2 0
github.com/ST359/pvz-service/internal/repository/pvz.go:91.77,93.4 1 0
github.com/ST359/pvz-service/internal/repository/pvz.go:95.3,105.66 2 0
github.com/ST359/pvz-service/internal/repository/pvz.go:105.66,107.74 2 0
github.com/ST359/pvz-service/internal/repository/pvz.go:107.74,109.5 1 0
github.com/ST359/pvz-service/internal/repository/pvz.go:111.4,111.31 1 0
github.com/ST359/pvz-service/internal/repository/pvz.go:111.31,113.5 1 0
github.com/ST359/pvz-service/internal/repository/pvz.go:116.3,116.35 1 0
github.com/ST359/pvz-service/internal/repository/pvz.go:119.2,119.35 1 0
github.com/ST359/pvz-service/internal/repository/pvz.go:119.35,121.3 1 0
github.com/ST359/pvz-service/internal/repository/pvz.go:123.2,123.20 1 0
github.com/ST359/pvz-service/internal/repository/reception.go:18.58,20.2 1 0
github.com/ST359/pvz-service/internal/repository/reception.go:22.76,33.16 5 0
github.com/ST359/pvz-service/internal/repository/reception.go:33.16,35.3 1 0
github.com/ST359/pvz-service/internal/repository/reception.go:36.2,36.17 1 0
github.com/ST359/pvz-service/internal/repository/reception.go:38.104,49.16 5 0
github.com/ST359/pvz-service/internal/repository/reception.go:49.16,51.3 1 0
github.com/ST359/pvz-service/internal/repository/reception.go:52.2,52.18 1 0
github.com/ST359/pvz-service/internal/repository/reception.go:54.88,64.16 5 0
github.com/ST359/pvz-service/internal/repository/reception.go:64.16,65.36 1 0
github.com/ST359/pvz-service/internal/repository/reception.go:65.36,67.4 1 0
github.com/ST359/pvz-service/internal/repository/reception.go:68.3,68.49 1 0
github.com/ST359/pvz-service/internal/repository/reception.go:70.2,70.16 1 0
github.com/ST359/pvz-service/internal/repository/reception.go:74.70,78.16 3 0
github.com/ST359/pvz-service/internal/repository/reception.go:78.16,80.3 1 0
github.com/ST359/pvz-service/internal/repository/reception.go:81.2,94.16 5 0
github.com/ST359/pvz-service/internal/repository/reception.go:94.16,95.36 1 0
github.com/ST359/pvz-service/internal/repository/reception.go:95.36,97.4 1 0
github.com/ST359/pvz-service/internal/repository/reception.go:98.3,98.39 1 0
github.com/ST359/pvz-service/internal/repository/reception.go:101.2,101.31 1 0
github.com/ST359/pvz-service/internal/repository/reception.go:101.31,107.17 2 0
github.com/ST359/pvz-service/internal/repository/reception.go:107.17,109.4 1 0
github.com/ST359/pvz-service/internal/repository/reception.go:112.2,112.36 1 0
github.com/ST359/pvz-service/internal/repository/reception.go:112.36,114.3 1 0
github.com/ST359/pvz-service/internal/repository/reception.go:116.2,116.12 1 0
github.com/ST359/pvz-service/internal/repository/reception.go:118.88,129.16 5 0
github.com/ST359/pvz-service/internal/repository/reception.go:129.16,131.3 1 0
github.com/ST359/pvz-service/internal/repository/reception.go:132.2,132.17 1 0
github.com/ST359/pvz-service/internal/repository/repository.go:34.44,40.2 1 0
github.com/ST359/pvz-service/internal/repository/user.go:17.48,19.2 1 0
github.com/ST359/pvz-service/internal/repository/user.go:22.99,33.16 5 0
github.com/ST359/pvz-service/internal/repository/user.go:33.16,35.3 1 0
github.com/ST359/pvz-service/internal/repository/user.go:36.2,36.16 1 0
github.com/ST359/pvz-service/internal/repository/user.go:40.68,50.16 5 0
github.com/ST359/pvz-service/internal/repository/user.go:50.16,51.36 1 0
github.com/ST359/pvz-service/internal/repository/user.go:51.36,53.4 1 0
github.com/ST359/pvz-service/internal/repository/user.go:54.3,54.47 1 0
github.com/ST359/pvz-service/internal/repository/user.go:56.2,56.28 1 0
github.com/ST359/pvz-service/internal/repository/user.go:58.64,68.16 5 0
github.com/ST359/pvz-service/internal/repository/user.go:68.16,69.36 1 0
github.com/ST359/pvz-service/internal/repository/user.go:69.36,71.4 1 0
github.com/ST359/pvz-service/internal/repository/user.go:72.3,72.46 1 0
github.com/ST359/pvz-service/internal/repository/user.go:74.2,74.20 1 0
github.com/ST359/pvz-service/internal/service/pvz.go:14.53,16.2 1 1
github.com/ST359/pvz-service/internal/service/pvz.go:17.59,21.16 3 1
github.com/ST359/pvz-service/internal/service/pvz.go:21.16,23.3 1 1
github.com/ST359/pvz-service/internal/service/pvz.go:24.2,24.17 1 1
github.com/ST359/pvz-service/internal/service/pvz.go:26.80,30.16 3 1
github.com/ST359/pvz-service/internal/service/pvz.go:30.16,32.3 1 1
github.com/ST359/pvz-service/internal/service/pvz.go:33.2,33.18 1 1
github.com/ST359/pvz-service/internal/service/reception.go:17.71,19.2 1 1
github.com/ST359/pvz-service/internal/service/reception.go:21.75,25.16 3 1
github.com/ST359/pvz-service/internal/service/reception.go:25.16,26.54 1 1
github.com/ST359/pvz-service/internal/service/reception.go:26.54,28.4 1 1
github.com/ST359/pvz-service/internal/service/reception.go:30.2,30.20 1 1
github.com/ST359/pvz-service/internal/service/reception.go:30.20,32.3 1 1
github.com/ST359/pvz-service/internal/service/reception.go:34.2,35.16 2 1
github.com/ST359/pvz-service/internal/service/reception.go:35.16,37.3 1 1
github.com/ST359/pvz-service/internal/service/reception.go:38.2,38.17 1 1
github.com/ST359/pvz-service/internal/service/reception.go:40.102,44.16 3 1
github.com/ST359/pvz-service/internal/service/reception.go:44.16,45.53 1 1
github.com/ST359/pvz-service/internal/service/reception.go:45.53,47.4 1 1
github.com/ST359/pvz-service/internal/service/reception.go:48.3,48.53 1 0
github.com/ST359/pvz-service/internal/service/reception.go:50.2,50.23 1 1
github.com/ST359/pvz-service/internal/service/reception.go:50.23,52.3 1 0
github.com/ST359/pvz-service/internal/service/reception.go:54.2,55.16 2 1
github.com/ST359/pvz-service/internal/service/reception.go:55.16,57.3 1 1
github.com/ST359/pvz-service/internal/service/reception.go:58.2,58.18 1 1
github.com/ST359/pvz-service/internal/service/reception.go:60.87,64.16 3 1
github.com/ST359/pvz-service/internal/service/reception.go:64.16,65.53 1 1
github.com/ST359/pvz-service/internal/service/reception.go:65.53,67.4 1 1
github.com/ST359/pvz-service/internal/service/reception.go:68.3,68.48 1 1
github.com/ST359/pvz-service/internal/service/reception.go:70.2,70.16 1 1
github.com/ST359/pvz-service/internal/service/reception.go:72.69,76.16 3 1
github.com/ST359/pvz-service/internal/service/reception.go:76.16,77.53 1 1
github.com/ST359/pvz-service/internal/service/reception.go:77.53,79.4 1 1
github.com/ST359/pvz-service/internal/service/reception.go:80.3,80.38 1 0
github.com/ST359/pvz-service/internal/service/reception.go:82.2,83.16 2 1
github.com/ST359/pvz-service/internal/service/reception.go:83.16,84.52 1 1
github.com/ST359/pvz-service/internal/service/reception.go:84.52,86.4 1 1
github.com/ST359/pvz-service/internal/service/reception.go:87.3,87.38 1 1
github.com/ST359/pvz-service/internal/service/reception.go:89.2,89.12 1 1
github.com/ST359/pvz-service/internal/service/reception.go:91.87,95.16 3 1
github.com/ST359/pvz-service/internal/service/reception.go:95.16,96.53 1 1
github.com/ST359/pvz-service/internal/service/reception.go:96.53,98.4 1 1
github.com/ST359/pvz-service/internal/service/reception.go:99.3,99.55 1 0
github.com/ST359/pvz-service/internal/service/reception.go:101.2,101.23 1 1
github.com/ST359/pvz-service/internal/service/reception.go:101.23,103.3 1 0
github.com/ST359/pvz-service/internal/service/reception.go:105.2,106.16 2 1
github.com/ST359/pvz-service/internal/service/reception.go:106.16,108.3 1 1
github.com/ST359/pvz-service/internal/service/reception.go:109.2,109.17 1 1
github.com/ST359/pvz-service/internal/service/service.go:34.55,40.2 1 0
github.com/ST359/pvz-service/internal/service/user.go:28.56,30.2 1 1
github.com/ST359/pvz-service/internal/service/user.go:33.82,36.29 2 1
github.com/ST359/pvz-service/internal/service/user.go:36.29,38.3 1 1
github.com/ST359/pvz-service/internal/service/user.go:39.2,40.16 2 1
github.com/ST359/pvz-service/internal/service/user.go:40.16,42.3 1 1
github.com/ST359/pvz-service/internal/service/user.go:43.2,43.12 1 1
github.com/ST359/pvz-service/internal/service/user.go:43.12,45.3 1 1
github.com/ST359/pvz-service/internal/service/user.go:47.2,51.16 4 1
github.com/ST359/pvz-service/internal/service/user.go:51.16,53.3 1 1
github.com/ST359/pvz-service/internal/service/user.go:54.2,57.25 4 1
github.com/ST359/pvz-service/internal/service/user.go:61.74,65.16 3 1
github.com/ST359/pvz-service/internal/service/user.go:65.16,67.3 1 1
github.com/ST359/pvz-service/internal/service/user.go:68.2,68.96 1 1
github.com/ST359/pvz-service/internal/service/user.go:68.96,70.3 1 1
github.com/ST359/pvz-service/internal/service/user.go:71.2,72.16 2 1
github.com/ST359/pvz-service/internal/service/user.go:72.16,74.3 1 0
github.com/ST359/pvz-service/internal/service/user.go:75.2,75.17 1 1
github.com/ST359/pvz-service/internal/service/user.go:79.68,81.101 1 1
github.com/ST359/pvz-service/internal/service/user.go:81.101,82.58 1 1
github.com/ST359/pvz-service/internal/service/user.go:82.58,84.4 1 0
github.com/ST359/pvz-service/internal/service/user.go:86.3,86.32 1 1
github.com/ST359/pvz-service/internal/service/user.go:88.2,88.16 1 1
github.com/ST359/pvz-service/internal/service/user.go:88.16,90.3 1 1
github.com/ST359/pvz-service/internal/service/user.go:92.2,93.9 2 1
github.com/ST359/pvz-service/internal/service/user.go:93.9,95.3 1 0
github.com/ST359/pvz-service/internal/service/user.go:97.2,97.43 1 1
github.com/ST359/pvz-service/internal/service/user.go:100.66,111.2 2 1
github.com/ST359/pvz-service/internal/service/user.go:114.51,118.2 2 1
